2024-11-21 21:51:47,457 [Worker-4: Loading available Gradle versions] INFO  o.e.b.c.i.u.g.PublishedGradleVersions - Gradle version information cache is up-to-date. Trying to read.
2024-11-21 21:52:13,805 [Worker-4: Loading available Gradle versions] INFO  o.e.b.c.i.u.g.PublishedGradleVersions - Gradle version information cache is up-to-date. Trying to read.
2024-11-21 21:52:33,655 [Worker-9: Update Maven projects configuration] INFO  o.e.m.c.i.p.ProjectConfigurationManager - Update started
2024-11-21 21:52:34,749 [Worker-9: Update Maven projects configuration] INFO  o.e.m.c.i.l.LifecycleMappingFactory - Using org.eclipse.m2e.jdt.JarLifecycleMapping lifecycle mapping for MavenProject: com.example:Sach23:0.0.1-SNAPSHOT @ C:\Users\nguye\Downloads\PhatTrienPhanMemHuongDichVu\PTPMHDV_ThaiPrj\PTPMHDV-N1\Sach23\pom.xml.
2024-11-21 21:52:35,167 [Worker-9: Update Maven projects configuration] WARN  o.e.m.c.i.embedder.EclipseLogger - The artifact mysql:mysql-connector-java:jar:8.0.31 has been relocated to com.mysql:mysql-connector-j:jar:8.0.31: MySQL Connector/J artifacts moved to reverse-DNS compliant Maven 2+ coordinates.
2024-11-21 21:52:35,794 [Worker-9: Update Maven projects configuration] INFO  o.e.m.j.i.AbstractJavaProjectConfigurator - Adding source folder /Sach23/src/main/java
2024-11-21 21:52:35,797 [Worker-9: Update Maven projects configuration] INFO  o.e.m.j.i.AbstractJavaProjectConfigurator - Adding resource folder /Sach23/src/main/resources
2024-11-21 21:52:35,806 [Worker-9: Update Maven projects configuration] INFO  o.e.m.j.i.AbstractJavaProjectConfigurator - Adding resource folder /Sach23/src/main/resources
2024-11-21 21:52:35,813 [Worker-9: Update Maven projects configuration] INFO  o.e.m.j.i.AbstractJavaProjectConfigurator - Adding source folder /Sach23/src/test/java
2024-11-21 21:52:35,815 [Worker-9: Update Maven projects configuration] INFO  o.e.m.j.i.AbstractJavaProjectConfigurator - Adding resource folder /Sach23/src/test/resources
2024-11-21 21:52:36,917 [Worker-15: Building] INFO  o.e.m.c.i.l.LifecycleMappingFactory - Using org.eclipse.m2e.jdt.JarLifecycleMapping lifecycle mapping for MavenProject: com.example:Sach23:0.0.1-SNAPSHOT @ C:\Users\nguye\Downloads\PhatTrienPhanMemHuongDichVu\PTPMHDV_ThaiPrj\PTPMHDV-N1\Dashboard\pom.xml.
2024-11-21 21:52:37,144 [Worker-15: Building] WARN  o.e.m.c.i.embedder.EclipseLogger - The artifact mysql:mysql-connector-java:jar:8.0.31 has been relocated to com.mysql:mysql-connector-j:jar:8.0.31: MySQL Connector/J artifacts moved to reverse-DNS compliant Maven 2+ coordinates.
2024-11-21 21:52:37,272 [Worker-15: Building] INFO  o.a.m.s.f.DefaultMavenResourcesFiltering - Copying 1 resource from src\main\resources to target\classes
2024-11-21 21:52:37,287 [Worker-15: Building] INFO  o.a.m.s.f.DefaultMavenResourcesFiltering - Copying 13 resources from src\main\resources to target\classes
2024-11-21 21:52:37,294 [Worker-15: Building] INFO  o.a.m.s.f.DefaultMavenResourcesFiltering - skip non existing resourceDirectory C:\Users\nguye\Downloads\PhatTrienPhanMemHuongDichVu\PTPMHDV_ThaiPrj\PTPMHDV-N1\Dashboard\src\test\resources
2024-11-21 21:52:37,592 [Worker-9: Update Maven projects configuration] INFO  o.e.m.c.i.p.ProjectConfigurationManager - Update completed for 1 poms: local refresh takes 0.00 sec, refresh facades takes 1.00 sec, update config takes 2.00 sec 
2024-11-21 21:52:37,594 [Worker-9: Update Maven projects configuration] INFO  o.e.m.c.i.p.ProjectConfigurationManager - Update started
2024-11-21 21:52:38,521 [Worker-18: reload maven project] WARN  o.e.m.c.i.embedder.EclipseLogger - The artifact mysql:mysql-connector-java:jar:8.0.31 has been relocated to com.mysql:mysql-connector-j:jar:8.0.31: MySQL Connector/J artifacts moved to reverse-DNS compliant Maven 2+ coordinates.
2024-11-21 21:52:38,735 [Worker-9: Update Maven projects configuration] INFO  o.e.m.c.i.l.LifecycleMappingFactory - Using org.eclipse.m2e.jdt.JarLifecycleMapping lifecycle mapping for MavenProject: com.example:Sach23:0.0.1-SNAPSHOT @ C:\Users\nguye\Downloads\PhatTrienPhanMemHuongDichVu\PTPMHDV_ThaiPrj\PTPMHDV-N1\Dashboard\pom.xml.
2024-11-21 21:52:38,971 [Worker-9: Update Maven projects configuration] WARN  o.e.m.c.i.embedder.EclipseLogger - The artifact mysql:mysql-connector-java:jar:8.0.31 has been relocated to com.mysql:mysql-connector-j:jar:8.0.31: MySQL Connector/J artifacts moved to reverse-DNS compliant Maven 2+ coordinates.
2024-11-21 21:52:39,059 [Worker-9: Update Maven projects configuration] INFO  o.e.m.c.i.l.LifecycleMappingFactory - Using org.eclipse.m2e.jdt.JarLifecycleMapping lifecycle mapping for MavenProject: com.example:Sach23:0.0.1-SNAPSHOT @ C:\Users\nguye\Downloads\PhatTrienPhanMemHuongDichVu\PTPMHDV_ThaiPrj\PTPMHDV-N1\Sach23\pom.xml.
2024-11-21 21:52:39,065 [Worker-9: Update Maven projects configuration] WARN  o.e.m.c.i.embedder.EclipseLogger - The artifact mysql:mysql-connector-java:jar:8.0.31 has been relocated to com.mysql:mysql-connector-j:jar:8.0.31: MySQL Connector/J artifacts moved to reverse-DNS compliant Maven 2+ coordinates.
2024-11-21 21:52:39,690 [Worker-9: Update Maven projects configuration] INFO  o.e.m.j.i.AbstractJavaProjectConfigurator - Adding source folder /Dashboard/src/main/java
2024-11-21 21:52:39,690 [Worker-9: Update Maven projects configuration] INFO  o.e.m.j.i.AbstractJavaProjectConfigurator - Adding resource folder /Dashboard/src/main/resources
2024-11-21 21:52:39,696 [Worker-9: Update Maven projects configuration] INFO  o.e.m.j.i.AbstractJavaProjectConfigurator - Adding resource folder /Dashboard/src/main/resources
2024-11-21 21:52:39,704 [Worker-9: Update Maven projects configuration] INFO  o.e.m.j.i.AbstractJavaProjectConfigurator - Adding source folder /Dashboard/src/test/java
2024-11-21 21:52:39,705 [Worker-9: Update Maven projects configuration] INFO  o.e.m.j.i.AbstractJavaProjectConfigurator - Adding resource folder /Dashboard/src/test/resources
2024-11-21 21:52:40,908 [Worker-9: Update Maven projects configuration] INFO  o.e.m.j.i.AbstractJavaProjectConfigurator - Adding source folder /Sach23/src/main/java
2024-11-21 21:52:40,909 [Worker-9: Update Maven projects configuration] INFO  o.e.m.j.i.AbstractJavaProjectConfigurator - Adding resource folder /Sach23/src/main/resources
2024-11-21 21:52:40,910 [Worker-9: Update Maven projects configuration] INFO  o.e.m.j.i.AbstractJavaProjectConfigurator - Adding resource folder /Sach23/src/main/resources
2024-11-21 21:52:40,910 [Worker-9: Update Maven projects configuration] INFO  o.e.m.j.i.AbstractJavaProjectConfigurator - Adding source folder /Sach23/src/test/java
2024-11-21 21:52:40,911 [Worker-9: Update Maven projects configuration] INFO  o.e.m.j.i.AbstractJavaProjectConfigurator - Adding resource folder /Sach23/src/test/resources
2024-11-21 21:52:41,142 [Worker-2: Building] INFO  o.a.m.s.f.DefaultMavenResourcesFiltering - Copying 1 resource from src\main\resources to target\classes
2024-11-21 21:52:41,196 [Worker-2: Building] INFO  o.a.m.s.f.DefaultMavenResourcesFiltering - Copying 13 resources from src\main\resources to target\classes
2024-11-21 21:52:41,272 [Worker-2: Building] INFO  o.a.m.s.f.DefaultMavenResourcesFiltering - skip non existing resourceDirectory C:\Users\nguye\Downloads\PhatTrienPhanMemHuongDichVu\PTPMHDV_ThaiPrj\PTPMHDV-N1\Dashboard\src\test\resources
2024-11-21 21:52:42,409 [Worker-9: Update Maven projects configuration] INFO  o.e.m.c.i.p.ProjectConfigurationManager - Update completed for 2 poms: local refresh takes 0.00 sec, refresh facades takes 1.00 sec, update config takes 2.00 sec 
2024-11-21 21:52:42,766 [Worker-5: Building] INFO  o.a.m.s.f.DefaultMavenResourcesFiltering - Copying 1 resource from src\main\resources to target\classes
2024-11-21 21:52:42,780 [Worker-5: Building] INFO  o.a.m.s.f.DefaultMavenResourcesFiltering - Copying 14 resources from src\main\resources to target\classes
2024-11-21 21:52:42,826 [Worker-5: Building] INFO  o.a.m.s.f.DefaultMavenResourcesFiltering - skip non existing resourceDirectory C:\Users\nguye\Downloads\PhatTrienPhanMemHuongDichVu\PTPMHDV_ThaiPrj\PTPMHDV-N1\Sach23\src\test\resources
2024-11-21 21:56:37,973 [Worker-14: Building] INFO  o.e.m.c.i.l.LifecycleMappingFactory - Using org.eclipse.m2e.jdt.JarLifecycleMapping lifecycle mapping for MavenProject: com.webservicedemo:QuanLySach:0.0.1-SNAPSHOT @ C:\Users\nguye\Downloads\EclipseWorkspace\QuanLySach\pom.xml.
2024-11-21 21:56:39,616 [Worker-14: Building] INFO  o.a.m.s.f.DefaultMavenResourcesFiltering - Copying 1 resource from src\main\resources to target\classes
2024-11-21 21:56:39,621 [Worker-14: Building] INFO  o.a.m.s.f.DefaultMavenResourcesFiltering - Copying 0 resource from src\test\resources to target\test-classes
2024-11-21 21:56:39,925 [Worker-19: Building] INFO  o.a.m.s.f.DefaultMavenResourcesFiltering - Copying 1 resource from src\main\resources to target\classes
2024-11-21 21:56:39,930 [Worker-19: Building] INFO  o.a.m.s.f.DefaultMavenResourcesFiltering - Copying 0 resource from src\test\resources to target\test-classes
2024-11-21 21:56:40,217 [Worker-6: Updating Maven Dependencies] INFO  o.e.m.c.i.l.LifecycleMappingFactory - Using org.eclipse.m2e.jdt.JarLifecycleMapping lifecycle mapping for MavenProject: com.webservicedemo:QuanLySach:0.0.1-SNAPSHOT @ C:\Users\nguye\Downloads\EclipseWorkspace\QuanLySach\pom.xml.
2024-11-21 21:57:00,742 [Worker-8: Building] INFO  o.e.m.c.i.l.LifecycleMappingFactory - Using org.eclipse.m2e.jdt.JarLifecycleMapping lifecycle mapping for MavenProject: com.webservicedemo:QuanLySach:0.0.1-SNAPSHOT @ C:\Users\nguye\Downloads\EclipseWorkspace\QuanLySach1\pom.xml.
2024-11-21 21:57:01,119 [Worker-8: Building] INFO  o.a.m.s.f.DefaultMavenResourcesFiltering - Copying 1 resource from src\main\resources to target\classes
2024-11-21 21:57:01,123 [Worker-8: Building] INFO  o.a.m.s.f.DefaultMavenResourcesFiltering - Copying 0 resource from src\test\resources to target\test-classes
2024-11-21 21:57:01,370 [Worker-24: Updating Maven Dependencies] INFO  o.e.m.c.i.l.LifecycleMappingFactory - Using org.eclipse.m2e.jdt.JarLifecycleMapping lifecycle mapping for MavenProject: com.webservicedemo:QuanLySach:0.0.1-SNAPSHOT @ C:\Users\nguye\Downloads\EclipseWorkspace\QuanLySach1\pom.xml.
2024-11-21 21:57:01,851 [Worker-0: Building] INFO  o.a.m.s.f.DefaultMavenResourcesFiltering - Copying 1 resource from src\main\resources to target\classes
2024-11-21 21:57:01,855 [Worker-0: Building] INFO  o.a.m.s.f.DefaultMavenResourcesFiltering - Copying 0 resource from src\test\resources to target\test-classes
2024-11-21 22:05:00,111 [Worker-39: Building] INFO  o.e.m.c.i.l.LifecycleMappingFactory - Using org.eclipse.m2e.jdt.JarLifecycleMapping lifecycle mapping for MavenProject: com.webservicedemo:QuanLySach:0.0.1-SNAPSHOT @ C:\Users\nguye\Downloads\GitHub1\QuanLySach\pom.xml.
2024-11-21 22:05:00,424 [Worker-39: Building] INFO  o.a.m.s.f.DefaultMavenResourcesFiltering - Copying 1 resource from src\main\resources to target\classes
2024-11-21 22:05:00,427 [Worker-39: Building] INFO  o.a.m.s.f.DefaultMavenResourcesFiltering - Copying 5 resources from src\main\resources to target\classes
2024-11-21 22:05:00,438 [Worker-39: Building] INFO  o.a.m.s.f.DefaultMavenResourcesFiltering - Copying 0 resource from src\test\resources to target\test-classes
2024-11-21 22:05:00,788 [Worker-6: Building] INFO  o.a.m.s.f.DefaultMavenResourcesFiltering - Copying 1 resource from src\main\resources to target\classes
2024-11-21 22:05:00,790 [Worker-6: Building] INFO  o.a.m.s.f.DefaultMavenResourcesFiltering - Copying 5 resources from src\main\resources to target\classes
2024-11-21 22:05:00,797 [Worker-6: Building] INFO  o.a.m.s.f.DefaultMavenResourcesFiltering - Copying 0 resource from src\test\resources to target\test-classes
2024-11-21 22:05:01,469 [Worker-42: Updating Maven Dependencies] INFO  o.e.m.c.i.l.LifecycleMappingFactory - Using org.eclipse.m2e.jdt.JarLifecycleMapping lifecycle mapping for MavenProject: com.webservicedemo:QuanLySach:0.0.1-SNAPSHOT @ C:\Users\nguye\Downloads\GitHub1\QuanLySach\pom.xml.
2024-11-21 22:08:20,635 [main] INFO  o.e.m.jdt.internal.UnitTestSupport - Updating Dashboard from maven configuration
2024-11-21 22:12:32,050 [Worker-49: Building] INFO  o.a.m.s.f.DefaultMavenResourcesFiltering - Copying 1 resource from src\main\resources to target\classes
2024-11-21 22:12:32,076 [Worker-49: Building] INFO  o.a.m.s.f.DefaultMavenResourcesFiltering - Copying 0 resource from src\main\resources to target\classes
2024-11-21 22:12:32,080 [Worker-49: Building] INFO  o.a.m.s.f.DefaultMavenResourcesFiltering - skip non existing resourceDirectory C:\Users\nguye\Downloads\PhatTrienPhanMemHuongDichVu\PTPMHDV_ThaiPrj\PTPMHDV-N1\Dashboard\src\test\resources
2024-11-21 22:13:05,696 [Worker-40: Building] INFO  o.a.m.s.f.DefaultMavenResourcesFiltering - Copying 1 resource from src\main\resources to target\classes
2024-11-21 22:13:05,701 [Worker-40: Building] INFO  o.a.m.s.f.DefaultMavenResourcesFiltering - Copying 0 resource from src\main\resources to target\classes
2024-11-21 22:13:05,703 [Worker-40: Building] INFO  o.a.m.s.f.DefaultMavenResourcesFiltering - skip non existing resourceDirectory C:\Users\nguye\Downloads\PhatTrienPhanMemHuongDichVu\PTPMHDV_ThaiPrj\PTPMHDV-N1\Dashboard\src\test\resources
2024-11-21 22:19:14,331 [Worker-53: Building] INFO  o.a.m.s.f.DefaultMavenResourcesFiltering - Copying 1 resource from src\main\resources to target\classes
2024-11-21 22:19:14,337 [Worker-53: Building] INFO  o.a.m.s.f.DefaultMavenResourcesFiltering - Copying 13 resources from src\main\resources to target\classes
2024-11-21 22:19:14,340 [Worker-53: Building] INFO  o.a.m.s.f.DefaultMavenResourcesFiltering - skip non existing resourceDirectory C:\Users\nguye\Downloads\PhatTrienPhanMemHuongDichVu\PTPMHDV_ThaiPrj\PTPMHDV-N1\Dashboard\src\test\resources
2024-11-21 22:19:36,291 [Worker-51: Building] INFO  o.a.m.s.f.DefaultMavenResourcesFiltering - Copying 1 resource from src\main\resources to target\classes
2024-11-21 22:19:36,297 [Worker-51: Building] INFO  o.a.m.s.f.DefaultMavenResourcesFiltering - Copying 13 resources from src\main\resources to target\classes
2024-11-21 22:19:36,303 [Worker-51: Building] INFO  o.a.m.s.f.DefaultMavenResourcesFiltering - skip non existing resourceDirectory C:\Users\nguye\Downloads\PhatTrienPhanMemHuongDichVu\PTPMHDV_ThaiPrj\PTPMHDV-N1\Dashboard\src\test\resources
2024-11-21 22:19:52,348 [Worker-55: Building] INFO  o.a.m.s.f.DefaultMavenResourcesFiltering - Copying 1 resource from src\main\resources to target\classes
2024-11-21 22:19:52,355 [Worker-55: Building] INFO  o.a.m.s.f.DefaultMavenResourcesFiltering - Copying 13 resources from src\main\resources to target\classes
2024-11-21 22:19:52,359 [Worker-55: Building] INFO  o.a.m.s.f.DefaultMavenResourcesFiltering - skip non existing resourceDirectory C:\Users\nguye\Downloads\PhatTrienPhanMemHuongDichVu\PTPMHDV_ThaiPrj\PTPMHDV-N1\Dashboard\src\test\resources
2024-11-21 22:20:26,198 [Worker-51: Building] INFO  o.a.m.s.f.DefaultMavenResourcesFiltering - Copying 1 resource from src\main\resources to target\classes
2024-11-21 22:20:26,208 [Worker-51: Building] INFO  o.a.m.s.f.DefaultMavenResourcesFiltering - Copying 13 resources from src\main\resources to target\classes
2024-11-21 22:20:26,218 [Worker-51: Building] INFO  o.a.m.s.f.DefaultMavenResourcesFiltering - skip non existing resourceDirectory C:\Users\nguye\Downloads\PhatTrienPhanMemHuongDichVu\PTPMHDV_ThaiPrj\PTPMHDV-N1\Dashboard\src\test\resources
2024-11-21 22:43:05,152 [Worker-50: Building] INFO  o.a.m.s.f.DefaultMavenResourcesFiltering - Copying 1 resource from src\main\resources to target\classes
2024-11-21 22:43:05,194 [Worker-50: Building] INFO  o.a.m.s.f.DefaultMavenResourcesFiltering - Copying 5 resources from src\main\resources to target\classes
2024-11-21 22:43:05,199 [Worker-50: Building] INFO  o.a.m.s.f.DefaultMavenResourcesFiltering - Copying 0 resource from src\test\resources to target\test-classes
2024-11-21 22:43:23,116 [Worker-57: Building] INFO  o.a.m.s.f.DefaultMavenResourcesFiltering - Copying 1 resource from src\main\resources to target\classes
2024-11-21 22:43:23,131 [Worker-57: Building] INFO  o.a.m.s.f.DefaultMavenResourcesFiltering - Copying 5 resources from src\main\resources to target\classes
2024-11-21 22:43:23,141 [Worker-57: Building] INFO  o.a.m.s.f.DefaultMavenResourcesFiltering - Copying 0 resource from src\test\resources to target\test-classes
2024-11-21 22:54:50,268 [Worker-62: Building] INFO  o.a.m.s.f.DefaultMavenResourcesFiltering - Copying 1 resource from src\main\resources to target\classes
2024-11-21 22:54:50,280 [Worker-62: Building] INFO  o.a.m.s.f.DefaultMavenResourcesFiltering - Copying 13 resources from src\main\resources to target\classes
2024-11-21 22:54:50,284 [Worker-62: Building] INFO  o.a.m.s.f.DefaultMavenResourcesFiltering - skip non existing resourceDirectory C:\Users\nguye\Downloads\PhatTrienPhanMemHuongDichVu\PTPMHDV_ThaiPrj\PTPMHDV-N1\Dashboard\src\test\resources
2024-11-21 22:55:58,018 [Worker-55: Building] INFO  o.a.m.s.f.DefaultMavenResourcesFiltering - Copying 1 resource from src\main\resources to target\classes
2024-11-21 22:55:58,023 [Worker-55: Building] INFO  o.a.m.s.f.DefaultMavenResourcesFiltering - Copying 13 resources from src\main\resources to target\classes
2024-11-21 22:55:58,026 [Worker-55: Building] INFO  o.a.m.s.f.DefaultMavenResourcesFiltering - skip non existing resourceDirectory C:\Users\nguye\Downloads\PhatTrienPhanMemHuongDichVu\PTPMHDV_ThaiPrj\PTPMHDV-N1\Dashboard\src\test\resources
2024-11-21 22:56:25,464 [Worker-62: Building] INFO  o.a.m.s.f.DefaultMavenResourcesFiltering - Copying 1 resource from src\main\resources to target\classes
2024-11-21 22:56:25,471 [Worker-62: Building] INFO  o.a.m.s.f.DefaultMavenResourcesFiltering - Copying 13 resources from src\main\resources to target\classes
2024-11-21 22:56:25,476 [Worker-62: Building] INFO  o.a.m.s.f.DefaultMavenResourcesFiltering - skip non existing resourceDirectory C:\Users\nguye\Downloads\PhatTrienPhanMemHuongDichVu\PTPMHDV_ThaiPrj\PTPMHDV-N1\Dashboard\src\test\resources
2024-11-21 22:56:33,809 [Worker-62: Building] INFO  o.a.m.s.f.DefaultMavenResourcesFiltering - Copying 1 resource from src\main\resources to target\classes
2024-11-21 22:56:33,813 [Worker-62: Building] INFO  o.a.m.s.f.DefaultMavenResourcesFiltering - Copying 13 resources from src\main\resources to target\classes
2024-11-21 22:56:33,819 [Worker-62: Building] INFO  o.a.m.s.f.DefaultMavenResourcesFiltering - skip non existing resourceDirectory C:\Users\nguye\Downloads\PhatTrienPhanMemHuongDichVu\PTPMHDV_ThaiPrj\PTPMHDV-N1\Dashboard\src\test\resources
2024-11-21 22:56:49,344 [Worker-65: Building] INFO  o.a.m.s.f.DefaultMavenResourcesFiltering - Copying 1 resource from src\main\resources to target\classes
2024-11-21 22:56:49,351 [Worker-65: Building] INFO  o.a.m.s.f.DefaultMavenResourcesFiltering - Copying 13 resources from src\main\resources to target\classes
2024-11-21 22:56:49,355 [Worker-65: Building] INFO  o.a.m.s.f.DefaultMavenResourcesFiltering - skip non existing resourceDirectory C:\Users\nguye\Downloads\PhatTrienPhanMemHuongDichVu\PTPMHDV_ThaiPrj\PTPMHDV-N1\Dashboard\src\test\resources
2024-11-21 22:56:57,499 [Worker-55: Building] INFO  o.a.m.s.f.DefaultMavenResourcesFiltering - Copying 1 resource from src\main\resources to target\classes
2024-11-21 22:56:57,504 [Worker-55: Building] INFO  o.a.m.s.f.DefaultMavenResourcesFiltering - Copying 13 resources from src\main\resources to target\classes
2024-11-21 22:56:57,508 [Worker-55: Building] INFO  o.a.m.s.f.DefaultMavenResourcesFiltering - skip non existing resourceDirectory C:\Users\nguye\Downloads\PhatTrienPhanMemHuongDichVu\PTPMHDV_ThaiPrj\PTPMHDV-N1\Dashboard\src\test\resources
2024-11-21 22:57:25,156 [Worker-68: Building] INFO  o.a.m.s.f.DefaultMavenResourcesFiltering - Copying 1 resource from src\main\resources to target\classes
2024-11-21 22:57:25,162 [Worker-68: Building] INFO  o.a.m.s.f.DefaultMavenResourcesFiltering - Copying 13 resources from src\main\resources to target\classes
2024-11-21 22:57:25,167 [Worker-68: Building] INFO  o.a.m.s.f.DefaultMavenResourcesFiltering - skip non existing resourceDirectory C:\Users\nguye\Downloads\PhatTrienPhanMemHuongDichVu\PTPMHDV_ThaiPrj\PTPMHDV-N1\Dashboard\src\test\resources
